<?xml version="1.0" encoding="UTF-8"?>
<testsuite xmlns:xsi="http://www.w3.org/2001/XMLSchema-instance" xsi:noNamespaceSchemaLocation="https://maven.apache.org/surefire/maven-surefire-plugin/xsd/surefire-test-report-3.0.xsd" version="3.0" name="pkgNegocio.clsNHabitacionesTest" time="0.085" tests="5" errors="0" skipped="0" failures="0">
  <properties>
[...]
</properties>
  <testcase name="testMtdListar" classname="pkgNegocio.clsNHabitacionesTest" time="0.019"/>
  <testcase name="testMtdAgregarHabitacion" classname="pkgNegocio.clsNHabitacionesTest" time="0.021">
    <system-out><![CDATA[MtdAgregarHabitacion
]]></system-out>
  </testcase>
  <testcase name="testMtdestadohabitaciones" classname="pkgNegocio.clsNHabitacionesTest" time="0.013">
    <system-out><![CDATA[Mtdestadohabitaciones
]]></system-out>
  </testcase>
  <testcase name="testMtdBuscarCodigo" classname="pkgNegocio.clsNHabitacionesTest" time="0.018">
    <system-out><![CDATA[MtdBuscarCodigo
]]></system-out>
  </testcase>
  <testcase name="testMtdModificar" classname="pkgNegocio.clsNHabitacionesTest" time="0.009">
    <system-out><![CDATA[UPDATE tbhabitaciones SET fkdnicli = '87654321',estado = 'Ocupada'WHERE id = 1]]></system-out>
  </testcase>
</testsuite>